TN:
SF:app\components\BackButton.js
FN:5,BackButton
FNF:1
FNH:1
FNDA:1,BackButton
DA:6,1
DA:16,1
LF:2
LH:2
BRF:0
BRH:0
end_of_record
TN:
SF:app\components\Background.js
FN:10,Background
FNF:1
FNH:1
FNDA:6,Background
DA:11,6
DA:24,2
LF:2
LH:2
BRF:0
BRH:0
end_of_record
TN:
SF:app\components\Button.js
FN:7,Button
FNF:1
FNH:1
FNDA:10,Button
DA:8,10
DA:22,3
LF:2
LH:2
BRDA:12,0,0,10
BRDA:12,0,1,6
BRF:2
BRH:2
end_of_record
TN:
SF:app\components\Header.js
FN:7,Header
FNF:1
FNH:1
FNDA:6,Header
DA:8,6
DA:11,2
LF:2
LH:2
BRF:0
BRH:0
end_of_record
TN:
SF:app\components\Logo.js
FN:4,Logo
FNF:1
FNH:1
FNDA:6,Logo
DA:5,6
DA:13,2
LF:2
LH:2
BRF:0
BRH:0
end_of_record
TN:
SF:app\components\Paragraph.js
FN:5,Paragraph
FNF:1
FNH:1
FNDA:6,Paragraph
DA:6,6
DA:9,2
LF:2
LH:2
BRF:0
BRH:0
end_of_record
TN:
SF:app\components\TextInput.js
FN:7,TextInput
FNF:1
FNH:1
FNDA:1,TextInput
DA:8,1
DA:26,1
LF:2
LH:2
BRDA:18,0,0,0
BRDA:18,0,1,1
BRDA:18,1,0,1
BRDA:18,1,1,0
BRDA:21,2,0,1
BRDA:21,2,1,0
BRF:6
BRH:3
end_of_record
TN:
SF:app\core\theme.js
FNF:0
FNH:0
DA:3,3
LF:1
LH:1
BRF:0
BRH:0
end_of_record
TN:
SF:app\screens\HomeScreen.js
FN:9,HomeScreen
FN:17,(anonymous_1)
FNF:2
FNH:2
FNDA:3,HomeScreen
FNDA:1,(anonymous_1)
DA:10,3
DA:18,1
LF:2
LH:2
BRF:0
BRH:0
end_of_record
TN:
SF:app\screens\StartScreen.js
FN:9,StartScreen
FN:20,(anonymous_1)
FN:26,(anonymous_2)
FNF:3
FNH:3
FNDA:3,StartScreen
FNDA:1,(anonymous_1)
FNDA:1,(anonymous_2)
DA:10,3
DA:20,1
DA:26,1
LF:3
LH:3
BRF:0
BRH:0
end_of_record
