TN:
SF:app\components\BackButton.js
FN:5,BackButton
FNF:1
FNH:1
FNDA:10,BackButton
DA:6,10
DA:16,3
LF:2
LH:2
BRF:0
BRH:0
end_of_record
TN:
SF:app\components\Background.js
FN:10,Background
FNF:1
FNH:1
FNDA:15,Background
DA:11,15
DA:24,4
LF:2
LH:2
BRF:0
BRH:0
end_of_record
TN:
SF:app\components\Button.js
FN:7,Button
FNF:1
FNH:1
FNDA:20,Button
DA:8,20
DA:22,5
LF:2
LH:2
BRDA:12,0,0,20
BRDA:12,0,1,7
BRF:2
BRH:2
end_of_record
TN:
SF:app\components\Header.js
FN:7,Header
FNF:1
FNH:1
FNDA:15,Header
DA:8,15
DA:11,4
LF:2
LH:2
BRF:0
BRH:0
end_of_record
TN:
SF:app\components\Logo.js
FN:4,Logo
FNF:1
FNH:1
FNDA:15,Logo
DA:5,15
DA:13,4
LF:2
LH:2
BRF:0
BRH:0
end_of_record
TN:
SF:app\components\Paragraph.js
FN:5,Paragraph
FNF:1
FNH:1
FNDA:6,Paragraph
DA:6,6
DA:9,2
LF:2
LH:2
BRF:0
BRH:0
end_of_record
TN:
SF:app\components\TextInput.js
FN:7,TextInput
FNF:1
FNH:1
FNDA:22,TextInput
DA:8,22
DA:26,3
LF:2
LH:2
BRDA:15,0,0,22
BRDA:15,0,1,2
BRDA:18,1,0,1
BRDA:18,1,1,21
BRDA:18,2,0,22
BRDA:18,2,1,1
BRDA:21,3,0,3
BRDA:21,3,1,19
BRF:8
BRH:8
end_of_record
TN:
SF:app\core\theme.js
FNF:0
FNH:0
DA:3,5
LF:1
LH:1
BRF:0
BRH:0
end_of_record
TN:
SF:app\helpers\emailValidator.js
FN:1,emailValidator
FNF:1
FNH:1
FNDA:4,emailValidator
DA:2,4
DA:3,4
DA:4,3
DA:5,1
LF:4
LH:4
BRDA:3,0,0,1
BRDA:3,0,1,3
BRDA:4,1,0,2
BRDA:4,1,1,1
BRF:4
BRH:4
end_of_record
TN:
SF:app\helpers\nameValidator.js
FN:1,nameValidator
FNF:1
FNH:1
FNDA:2,nameValidator
DA:2,2
DA:3,1
LF:2
LH:2
BRDA:2,0,0,1
BRDA:2,0,1,1
BRF:2
BRH:2
end_of_record
TN:
SF:app\helpers\passwordValidator.js
FN:1,passwordValidator
FNF:1
FNH:1
FNDA:3,passwordValidator
DA:2,3
DA:3,2
DA:4,1
LF:3
LH:3
BRDA:2,0,0,1
BRDA:2,0,1,2
BRDA:3,1,0,1
BRDA:3,1,1,1
BRF:4
BRH:4
end_of_record
TN:
SF:app\screens\HomeScreen.js
FN:9,HomeScreen
FN:17,(anonymous_1)
FNF:2
FNH:2
FNDA:3,HomeScreen
FNDA:1,(anonymous_1)
DA:10,3
DA:18,1
LF:2
LH:2
BRF:0
BRH:0
end_of_record
TN:
SF:app\screens\LoginScreen.js
FN:15,LoginScreen
FN:19,(anonymous_1)
FN:43,(anonymous_2)
FN:56,(anonymous_3)
FN:63,(anonymous_4)
FN:75,(anonymous_5)
FNF:6
FNH:6
FNDA:7,LoginScreen
FNDA:2,(anonymous_1)
FNDA:1,(anonymous_2)
FNDA:1,(anonymous_3)
FNDA:1,(anonymous_4)
FNDA:1,(anonymous_5)
DA:16,7
DA:17,7
DA:19,7
DA:20,2
DA:21,2
DA:22,2
DA:23,1
DA:24,1
DA:25,1
DA:27,1
DA:33,7
DA:43,1
DA:56,1
DA:63,1
DA:75,1
DA:83,1
LF:16
LH:16
BRDA:22,0,0,1
BRDA:22,0,1,1
BRDA:22,1,0,2
BRDA:22,1,1,1
BRF:4
BRH:4
end_of_record
TN:
SF:app\screens\RegisterScreen.js
FN:16,RegisterScreen
FN:21,(anonymous_1)
FN:47,(anonymous_2)
FN:56,(anonymous_3)
FN:69,(anonymous_4)
FN:85,(anonymous_5)
FNF:6
FNH:2
FNDA:2,RegisterScreen
FNDA:0,(anonymous_1)
FNDA:0,(anonymous_2)
FNDA:0,(anonymous_3)
FNDA:0,(anonymous_4)
FNDA:1,(anonymous_5)
DA:17,2
DA:18,2
DA:19,2
DA:21,2
DA:22,0
DA:23,0
DA:24,0
DA:25,0
DA:26,0
DA:27,0
DA:28,0
DA:29,0
DA:31,0
DA:37,2
DA:47,0
DA:56,0
DA:69,0
DA:85,1
DA:93,1
LF:19
LH:7
BRDA:25,0,0,0
BRDA:25,0,1,0
BRDA:25,1,0,0
BRDA:25,1,1,0
BRDA:25,1,2,0
BRF:5
BRH:0
end_of_record
TN:
SF:app\screens\StartScreen.js
FN:9,StartScreen
FN:20,(anonymous_1)
FN:26,(anonymous_2)
FNF:3
FNH:3
FNDA:3,StartScreen
FNDA:1,(anonymous_1)
FNDA:1,(anonymous_2)
DA:10,3
DA:20,1
DA:26,1
LF:3
LH:3
BRF:0
BRH:0
end_of_record
